<?xml version="1.0" encoding="UTF-8"?>
<!-- Generated by org.testng.reporters.JUnitReportReporter -->
<testsuite hostname="MiguelMiranda" failures="0" tests="2" name="LoginTest" time="4.883" errors="0" timestamp="2023-06-13T20:34:21 CST" skipped="0">
  <testcase classname="LoginTest" name="LoginSuccess" time="2.104"/>
  <system-out/>
  <testcase classname="LoginTest" name="LoginFailure" time="2.779"/>
  <system-out/>
</testsuite> <!-- LoginTest -->
