<?xml version="1.0" encoding="UTF-8"?>
<!-- Generated by org.testng.reporters.JUnitReportReporter -->
<testsuite hostname="MiguelMiranda" failures="0" tests="3" name="CartTest" time="39.531" errors="0" timestamp="2023-06-13T20:34:21 CST" skipped="0">
  <testcase classname="CartTest" name="FillCartAndDeleteProductTest" time="13.402"/>
  <system-out/>
  <testcase classname="CartTest" name="FillCartWithProductOfOtherCategory" time="15.583"/>
  <system-out/>
  <testcase classname="CartTest" name="FillCartAndBuy" time="10.546"/>
  <system-out/>
</testsuite> <!-- CartTest -->
