<?xml version="1.0" encoding="UTF-8"?>
<!-- Generated by org.testng.reporters.JUnitReportReporter -->
<testsuite hostname="MiguelMiranda" failures="0" tests="3" name="RegisterTest" time="17.746" errors="0" timestamp="2023-06-13T20:34:21 CST" skipped="0">
  <testcase classname="RegisterTest" name="RegisterSuccess" time="5.990"/>
  <system-out/>
  <testcase classname="RegisterTest" name="ExistingUser" time="5.883"/>
  <system-out/>
  <testcase classname="RegisterTest" name="FillOutUserAndPassword" time="5.873"/>
  <system-out/>
</testsuite> <!-- RegisterTest -->
